Optimization terminated successfully.
         Current function value: 0.199008
         Iterations 14
Optimization terminated successfully.
         Current function value: 0.168978
         Iterations 13
Optimization terminated successfully.
         Current function value: 0.202760
         Iterations 13
Optimization terminated successfully.
         Current function value: 0.301672
         Iterations 12
Optimization terminated successfully.
         Current function value: 0.216342
         Iterations 12
Optimization terminated successfully.
         Current function value: 0.255112
         Iterations 13
Optimization terminated successfully.
         Current function value: 0.258612
         Iterations 11
Optimization terminated successfully.
         Current function value: 0.292972
         Iterations 12
Optimization terminated successfully.
         Current function value: 0.269155
         Iterations 12
Optimization terminated successfully.
         Current function value: 0.286733
         Iterations 12
Optimization terminated successfully.
         Current function value: 0.282950
         Iterations 12
Optimization terminated successfully.
         Current function value: 0.270996
         Iterations 12
Optimization terminated successfully.
         Current function value: 0.312068
         Iterations 12
Optimization terminated successfully.
         Current function value: 0.264769
         Iterations 12
Optimization terminated successfully.
         Current function value: 0.290038
         Iterations 12
Optimization terminated successfully.
         Current function value: 0.524454
         Iterations 11
Optimization terminated successfully.
         Current function value: 0.261469
         Iterations 12
Optimization terminated successfully.
         Current function value: 0.268829
         Iterations 12
Optimization terminated successfully.
         Current function value: 0.449630
         Iterations 11
Optimization terminated successfully.
         Current function value: 0.043065
         Iterations 14
Optimization terminated successfully.
         Current function value: 0.107205
         Iterations 10
Optimization terminated successfully.
         Current function value: 0.284916
         Iterations 9
Optimization terminated successfully.
         Current function value: 0.262598
         Iterations 9
Optimization terminated successfully.
         Current function value: 0.275531
         Iterations 8
Optimization terminated successfully.
         Current function value: 0.414872
         Iterations 7
Optimization terminated successfully.
         Current function value: 0.366377
         Iterations 7
Optimization terminated successfully.
         Current function value: 0.383461
         Iterations 7
Optimization terminated successfully.
         Current function value: 0.357506
         Iterations 7
Optimization terminated successfully.
         Current function value: 0.414857
         Iterations 7
Optimization terminated successfully.
         Current function value: 0.415604
         Iterations 7
Optimization terminated successfully.
         Current function value: 0.430464
         Iterations 7
Optimization terminated successfully.
         Current function value: 0.418372
         Iterations 7
Optimization terminated successfully.
         Current function value: 0.438956
         Iterations 7
Optimization terminated successfully.
         Current function value: 0.425123
         Iterations 7
Optimization terminated successfully.
         Current function value: 0.440346
         Iterations 7
Optimization terminated successfully.
         Current function value: 0.443527
         Iterations 6
Optimization terminated successfully.
         Current function value: 0.444194
         Iterations 6
Optimization terminated successfully.
         Current function value: 0.449460
         Iterations 6
Warning: Maximum number of iterations has been exceeded.
         Current function value: 0.000000
         Iterations: 35
Warning: Maximum number of iterations has been exceeded.
         Current function value: inf
         Iterations: 35
Optimization terminated successfully.
         Current function value: 0.118990
         Iterations 14
Optimization terminated successfully.
         Current function value: 0.098591
         Iterations 14
Optimization terminated successfully.
         Current function value: 0.077468
         Iterations 16
Optimization terminated successfully.
         Current function value: 0.192800
         Iterations 13
Optimization terminated successfully.
         Current function value: 0.140924
         Iterations 13
Optimization terminated successfully.
         Current function value: 0.166298
         Iterations 12
Optimization terminated successfully.
         Current function value: 0.173045
         Iterations 13
Optimization terminated successfully.
         Current function value: 0.208780
         Iterations 12
Optimization terminated successfully.
         Current function value: 0.198186
         Iterations 12
Optimization terminated successfully.
         Current function value: 0.177399
         Iterations 12
Optimization terminated successfully.
         Current function value: 0.200089
         Iterations 12
Optimization terminated successfully.
         Current function value: 0.188909
         Iterations 12
Optimization terminated successfully.
         Current function value: 0.163213
         Iterations 12
Optimization terminated successfully.
         Current function value: 0.405609
         Iterations 11
Optimization terminated successfully.
         Current function value: 0.171355
         Iterations 13
Optimization terminated successfully.
         Current function value: 0.171700
         Iterations 13
Optimization terminated successfully.
         Current function value: 0.337404
         Iterations 11
Warning: Maximum number of iterations has been exceeded.
         Current function value: 0.000007
         Iterations: 35
Optimization terminated successfully.
         Current function value: 0.151479
         Iterations 14
Optimization terminated successfully.
         Current function value: 0.124131
         Iterations 14
Optimization terminated successfully.
         Current function value: 0.186788
         Iterations 9
Optimization terminated successfully.
         Current function value: 0.079332
         Iterations 15
Optimization terminated successfully.
         Current function value: 0.146458
         Iterations 13
Optimization terminated successfully.
         Current function value: 0.115336
         Iterations 12
Optimization terminated successfully.
         Current function value: 0.097224
         Iterations 11
Optimization terminated successfully.
         Current function value: 0.123892
         Iterations 11
Optimization terminated successfully.
         Current function value: 0.135954
         Iterations 9
Optimization terminated successfully.
         Current function value: 0.194988
         Iterations 8
Optimization terminated successfully.
         Current function value: 0.198379
         Iterations 9
Optimization terminated successfully.
         Current function value: 0.184394
         Iterations 9
Optimization terminated successfully.
         Current function value: 0.249850
         Iterations 8
Optimization terminated successfully.
         Current function value: 0.319948
         Iterations 8
Optimization terminated successfully.
         Current function value: 0.349188
         Iterations 8
Optimization terminated successfully.
         Current function value: 0.355170
         Iterations 8
Optimization terminated successfully.
         Current function value: 0.403149
         Iterations 7
Warning: Maximum number of iterations has been exceeded.
         Current function value: inf
         Iterations: 35
Warning: Maximum number of iterations has been exceeded.
         Current function value: inf
         Iterations: 35
Warning: Maximum number of iterations has been exceeded.
         Current function value: 0.000000
         Iterations: 35
Warning: Maximum number of iterations has been exceeded.
         Current function value: 0.000000
         Iterations: 35
Warning: Maximum number of iterations has been exceeded.
         Current function value: 0.000000
         Iterations: 35
Warning: Maximum number of iterations has been exceeded.
         Current function value: 0.000000
         Iterations: 35
Warning: Maximum number of iterations has been exceeded.
         Current function value: inf
         Iterations: 35
Warning: Maximum number of iterations has been exceeded.
         Current function value: inf
         Iterations: 35
Warning: Maximum number of iterations has been exceeded.
         Current function value: 0.000000
         Iterations: 35
Warning: Maximum number of iterations has been exceeded.
         Current function value: 0.000001
         Iterations: 35
Warning: Maximum number of iterations has been exceeded.
         Current function value: 0.000000
         Iterations: 35
Warning: Maximum number of iterations has been exceeded.
         Current function value: inf
         Iterations: 35
Warning: Maximum number of iterations has been exceeded.
         Current function value: inf
         Iterations: 35
Warning: Maximum number of iterations has been exceeded.
         Current function value: inf
         Iterations: 35
Warning: Maximum number of iterations has been exceeded.
         Current function value: 0.000000
         Iterations: 35
Warning: Maximum number of iterations has been exceeded.
         Current function value: 0.000000
         Iterations: 35
Warning: Maximum number of iterations has been exceeded.
         Current function value: 0.000000
         Iterations: 35
Warning: Maximum number of iterations has been exceeded.
         Current function value: 0.000000
         Iterations: 35
Warning: Maximum number of iterations has been exceeded.
         Current function value: inf
         Iterations: 35
Warning: Maximum number of iterations has been exceeded.
         Current function value: 0.000000
         Iterations: 35
Warning: Maximum number of iterations has been exceeded.
         Current function value: 0.000000
         Iterations: 35
Optimization terminated successfully.
         Current function value: 0.250888
         Iterations 8
Optimization terminated successfully.
         Current function value: 0.243794
         Iterations 8
Optimization terminated successfully.
         Current function value: 0.234621
         Iterations 8
Optimization terminated successfully.
         Current function value: 0.238478
         Iterations 8
Optimization terminated successfully.
         Current function value: 0.242401
         Iterations 9
Optimization terminated successfully.
         Current function value: 0.234028
         Iterations 9
Optimization terminated successfully.
         Current function value: 0.241083
         Iterations 8
Optimization terminated successfully.
         Current function value: 0.246668
         Iterations 8
Optimization terminated successfully.
         Current function value: 0.231726
         Iterations 9
Optimization terminated successfully.
         Current function value: 0.234748
         Iterations 9
Optimization terminated successfully.
         Current function value: 0.229564
         Iterations 9
Optimization terminated successfully.
         Current function value: 0.226595
         Iterations 9
Optimization terminated successfully.
         Current function value: 0.228632
         Iterations 9
Optimization terminated successfully.
         Current function value: 0.223825
         Iterations 9
Optimization terminated successfully.
         Current function value: 0.213591
         Iterations 9
Optimization terminated successfully.
         Current function value: 0.206842
         Iterations 9
Optimization terminated successfully.
         Current function value: 0.197654
         Iterations 9
Optimization terminated successfully.
         Current function value: 0.182918
         Iterations 9
Optimization terminated successfully.
         Current function value: 0.161668
         Iterations 9
Optimization terminated successfully.
         Current function value: 0.009844
         Iterations 15
Optimization terminated successfully.
         Current function value: 0.029900
         Iterations 12
Optimization terminated successfully.
         Current function value: 0.022553
         Iterations 13
Optimization terminated successfully.
         Current function value: 0.032783
         Iterations 11
Optimization terminated successfully.
         Current function value: 0.044647
         Iterations 11
Optimization terminated successfully.
         Current function value: 0.034585
         Iterations 11
Optimization terminated successfully.
         Current function value: 0.042119
         Iterations 10
Optimization terminated successfully.
         Current function value: 0.042317
         Iterations 10
Optimization terminated successfully.
         Current function value: 0.043474
         Iterations 10
Optimization terminated successfully.
         Current function value: 0.042681
         Iterations 10
Optimization terminated successfully.
         Current function value: 0.045497
         Iterations 10
Optimization terminated successfully.
         Current function value: 0.047153
         Iterations 10
Optimization terminated successfully.
         Current function value: 0.049005
         Iterations 10
Optimization terminated successfully.
         Current function value: 0.046106
         Iterations 10
Optimization terminated successfully.
         Current function value: 0.046329
         Iterations 9
Optimization terminated successfully.
         Current function value: 0.049143
         Iterations 9
Optimization terminated successfully.
         Current function value: 0.049789
         Iterations 9
Optimization terminated successfully.
         Current function value: 0.049038
         Iterations 9
Optimization terminated successfully.
         Current function value: 0.050902
         Iterations 9
Warning: Maximum number of iterations has been exceeded.
         Current function value: inf
         Iterations: 35
Warning: Maximum number of iterations has been exceeded.
         Current function value: inf
         Iterations: 35
Warning: Maximum number of iterations has been exceeded.
         Current function value: inf
         Iterations: 35
Warning: Maximum number of iterations has been exceeded.
         Current function value: inf
         Iterations: 35
Warning: Maximum number of iterations has been exceeded.
         Current function value: inf
         Iterations: 35
Warning: Maximum number of iterations has been exceeded.
         Current function value: inf
         Iterations: 35
Warning: Maximum number of iterations has been exceeded.
         Current function value: inf
         Iterations: 35
Optimization terminated successfully.
         Current function value: 0.042241
         Iterations 19
Optimization terminated successfully.
         Current function value: 0.043399
         Iterations 15
Optimization terminated successfully.
         Current function value: 0.042559
         Iterations 15
Optimization terminated successfully.
         Current function value: 0.045357
         Iterations 14
Optimization terminated successfully.
         Current function value: 0.046688
         Iterations 12
Optimization terminated successfully.
         Current function value: 0.048811
         Iterations 12
Optimization terminated successfully.
         Current function value: 0.045409
         Iterations 11
Optimization terminated successfully.
         Current function value: 0.045774
         Iterations 11
Optimization terminated successfully.
         Current function value: 0.047612
         Iterations 11
Optimization terminated successfully.
         Current function value: 0.047807
         Iterations 11
Optimization terminated successfully.
         Current function value: 0.045668
         Iterations 11
Optimization terminated successfully.
         Current function value: 0.045809
         Iterations 10
Optimization terminated successfully.
         Current function value: 0.599437
         Iterations 5
Optimization terminated successfully.
         Current function value: 0.601754
         Iterations 5
Optimization terminated successfully.
         Current function value: 0.606008
         Iterations 5
Optimization terminated successfully.
         Current function value: 0.592692
         Iterations 5
Optimization terminated successfully.
         Current function value: 0.592423
         Iterations 5
Optimization terminated successfully.
         Current function value: 0.577831
         Iterations 5
Optimization terminated successfully.
         Current function value: 0.571698
         Iterations 5
Optimization terminated successfully.
         Current function value: 0.564395
         Iterations 6
Optimization terminated successfully.
         Current function value: 0.555408
         Iterations 6
Optimization terminated successfully.
         Current function value: 0.542595
         Iterations 6
Optimization terminated successfully.
         Current function value: 0.507812
         Iterations 6
Optimization terminated successfully.
         Current function value: 0.518188
         Iterations 6
Optimization terminated successfully.
         Current function value: 0.501453
         Iterations 6
Optimization terminated successfully.
         Current function value: 0.468161
         Iterations 6
Optimization terminated successfully.
         Current function value: 0.461285
         Iterations 6
Optimization terminated successfully.
         Current function value: 0.449970
         Iterations 6
Optimization terminated successfully.
         Current function value: 0.443005
         Iterations 6
Optimization terminated successfully.
         Current function value: 0.452958
         Iterations 6
Optimization terminated successfully.
         Current function value: 0.510010
         Iterations 6
Optimization terminated successfully.
         Current function value: 0.007047
         Iterations 15
Optimization terminated successfully.
         Current function value: 0.015514
         Iterations 13
Optimization terminated successfully.
         Current function value: 0.019514
         Iterations 13
Optimization terminated successfully.
         Current function value: 0.036955
         Iterations 11
Optimization terminated successfully.
         Current function value: 0.031951
         Iterations 12
Optimization terminated successfully.
         Current function value: 0.025721
         Iterations 12
Optimization terminated successfully.
         Current function value: 0.038479
         Iterations 11
Optimization terminated successfully.
         Current function value: 0.038545
         Iterations 11
Optimization terminated successfully.
         Current function value: 0.038747
         Iterations 11
Optimization terminated successfully.
         Current function value: 0.038653
         Iterations 11
Optimization terminated successfully.
         Current function value: 0.037922
         Iterations 11
Optimization terminated successfully.
         Current function value: 0.040028
         Iterations 10
Optimization terminated successfully.
         Current function value: 0.041532
         Iterations 10
Optimization terminated successfully.
         Current function value: 0.041990
         Iterations 10
Optimization terminated successfully.
         Current function value: 0.040539
         Iterations 10
Optimization terminated successfully.
         Current function value: 0.043881
         Iterations 10
Optimization terminated successfully.
         Current function value: 0.045323
         Iterations 10
Optimization terminated successfully.
         Current function value: 0.043368
         Iterations 10
Optimization terminated successfully.
         Current function value: 0.046745
         Iterations 10
Optimization terminated successfully.
         Current function value: 0.007000
         Iterations 15
Optimization terminated successfully.
         Current function value: 0.015513
         Iterations 13
Optimization terminated successfully.
         Current function value: 0.019508
         Iterations 14
Optimization terminated successfully.
         Current function value: 0.036955
         Iterations 11
Optimization terminated successfully.
         Current function value: 0.031943
         Iterations 12
Optimization terminated successfully.
         Current function value: 0.025421
         Iterations 12
Optimization terminated successfully.
         Current function value: 0.038478
         Iterations 11
Optimization terminated successfully.
         Current function value: 0.038338
         Iterations 11
Optimization terminated successfully.
         Current function value: 0.038714
         Iterations 11
Optimization terminated successfully.
         Current function value: 0.038624
         Iterations 11
Optimization terminated successfully.
         Current function value: 0.037707
         Iterations 11
Optimization terminated successfully.
         Current function value: 0.039708
         Iterations 11
Optimization terminated successfully.
         Current function value: 0.040946
         Iterations 11
Optimization terminated successfully.
         Current function value: 0.041495
         Iterations 10
Optimization terminated successfully.
         Current function value: 0.039905
         Iterations 10
Optimization terminated successfully.
         Current function value: 0.042730
         Iterations 10
Optimization terminated successfully.
         Current function value: 0.043501
         Iterations 10
Optimization terminated successfully.
         Current function value: 0.041488
         Iterations 10
Optimization terminated successfully.
         Current function value: 0.045507
         Iterations 10
